android_tutorial_camera/build/outputs/logs/manifest-merger-debug-report.txt
-- Merging decision tree log ---
manifest
ADDED from AndroidManifest.xml:2:1
	xmlns:android
		ADDED from AndroidManifest.xml:2:11
	package
		ADDED from AndroidManifest.xml:3:5
	android:versionName
		ADDED from AndroidManifest.xml:5:5
	android:versionCode
		ADDED from AndroidManifest.xml:4:5
		INJECTED from AndroidManifest.xml:0:0
		INJECTED from AndroidManifest.xml:0:0
uses-sdk
ADDED from AndroidManifest.xml:7:5
MERGED from org.ros.android_core:android_gingerbread_mr1:unspecified:7:5
	android:minSdkVersion
		ADDED from AndroidManifest.xml:7:15
uses-permission#android.permission.ACCESS_WIFI_STATE
ADDED from AndroidManifest.xml:9:5
MERGED from org.ros.android_core:android_gingerbread_mr1:unspecified:10:5
	android:name
		ADDED from AndroidManifest.xml:9:22
uses-permission#android.permission.CAMERA
ADDED from AndroidManifest.xml:10:5
	android:name
		ADDED from AndroidManifest.xml:10:22
uses-permission#android.permission.CHANGE_WIFI_STATE
ADDED from AndroidManifest.xml:11:5
MERGED from org.ros.android_core:android_gingerbread_mr1:unspecified:11:5
	android:name
		ADDED from AndroidManifest.xml:11:22
uses-permission#android.permission.INTERNET
ADDED from AndroidManifest.xml:12:5
	android:name
		ADDED from AndroidManifest.xml:12:22
uses-permission#android.permission.WAKE_LOCK
ADDED from AndroidManifest.xml:13:5
MERGED from org.ros.android_core:android_gingerbread_mr1:unspecified:12:5
	android:name
		ADDED from AndroidManifest.xml:13:22
uses-permission#android.permission.WRITE_EXTERNAL_STORAGE
ADDED from AndroidManifest.xml:14:5
MERGED from org.ros.android_core:android_gingerbread_mr1:unspecified:9:5
	android:name
		ADDED from AndroidManifest.xml:14:22
application
ADDED from AndroidManifest.xml:16:5
MERGED from org.ros.android_core:android_gingerbread_mr1:unspecified:14:5
	android:label
		ADDED from AndroidManifest.xml:18:9
	android:icon
		ADDED from AndroidManifest.xml:17:9
activity#org.ros.android.android_tutorial_camera.MainActivity
ADDED from AndroidManifest.xml:19:9
	android:screenOrientation
		ADDED from AndroidManifest.xml:23:13
	android:label
		ADDED from AndroidManifest.xml:22:13
	android:configChanges
		ADDED from AndroidManifest.xml:21:13
	android:name
		ADDED from AndroidManifest.xml:20:13
intent-filter#android.intent.action.MAIN+android.intent.category.LAUNCHER
ADDED from AndroidManifest.xml:24:13
action#android.intent.action.MAIN
ADDED from AndroidManifest.xml:25:17
	android:name
		ADDED from AndroidManifest.xml:25:25
category#android.intent.category.LAUNCHER
ADDED from AndroidManifest.xml:27:17
	android:name
		ADDED from AndroidManifest.xml:27:27
activity#org.ros.android.MasterChooser
ADDED from AndroidManifest.xml:30:9
	android:name
		ADDED from AndroidManifest.xml:30:19
service#org.ros.android.NodeMainExecutorService
ADDED from AndroidManifest.xml:32:9
MERGED from org.ros.android_core:android_gingerbread_mr1:unspecified:34:9
	android:name
		ADDED from AndroidManifest.xml:32:18
intent-filter#org.ros.android.NodeMainExecutorService
ADDED from AndroidManifest.xml:33:13
action#org.ros.android.NodeMainExecutorService
ADDED from AndroidManifest.xml:34:17
	android:name
		ADDED from AndroidManifest.xml:34:25
activity#org.ros.android.android_gingerbread_mr1.MasterChooser
ADDED from org.ros.android_core:android_gingerbread_mr1:unspecified:17:9
	android:label
		ADDED from org.ros.android_core:android_gingerbread_mr1:unspecified:19:13
	android:name
		ADDED from org.ros.android_core:android_gingerbread_mr1:unspecified:18:13
activity#org.ros.android.android_gingerbread_mr1.JaguarMenu
ADDED from org.ros.android_core:android_gingerbread_mr1:unspecified:20:9
	android:label
		ADDED from org.ros.android_core:android_gingerbread_mr1:unspecified:22:13
	android:name
		ADDED from org.ros.android_core:android_gingerbread_mr1:unspecified:21:13
activity#org.ros.android.Controller
ADDED from org.ros.android_core:android_gingerbread_mr1:unspecified:29:9
	android:label
		ADDED from org.ros.android_core:android_gingerbread_mr1:unspecified:31:13
	android:name
		ADDED from org.ros.android_core:android_gingerbread_mr1:unspecified:30:13